0 verbose cli /home/ubuntu/.nvm/versions/node/v22.13.0/bin/node /home/ubuntu/.nvm/versions/node/v22.13.0/lib/node_modules/npm/bin/npm-cli.js
1 info using npm@10.9.2
2 info using node@v22.13.0
3 silly config load:file:/home/ubuntu/.nvm/versions/node/v22.13.0/lib/node_modules/npm/npmrc
4 silly config load:file:/home/ubuntu/mtg-website/.npmrc
5 silly config load:file:/home/ubuntu/.npmrc
6 silly config load:file:/home/ubuntu/.nvm/versions/node/v22.13.0/etc/npmrc
7 verbose title npm exec create-next-app@latest . --typescript --eslint --tailwind --app --no-src-dir --import-alias @/* --force
8 verbose argv "exec" "--" "create-next-app@latest" "." "--typescript" "--eslint" "--tailwind" "--app" "--no-src-dir" "--import-alias" "@/*" "--force"
9 verbose logfile logs-max:10 dir:/home/ubuntu/.npm/_logs/2025-03-26T19_59_38_815Z-
10 verbose logfile /home/ubuntu/.npm/_logs/2025-03-26T19_59_38_815Z-debug-0.log
11 silly logfile done cleaning log files
12 silly packumentCache heap:2117074944 maxSize:529268736 maxEntrySize:264634368
13 http fetch GET 200 https://registry.npmjs.org/npm 205ms
14 http fetch GET 200 https://registry.npmjs.org/create-next-app 250ms (cache miss)
15 silly packumentCache heap:2117074944 maxSize:529268736 maxEntrySize:264634368
16 silly packumentCache heap:2117074944 maxSize:529268736 maxEntrySize:264634368
17 silly idealTree buildDeps
18 silly fetch manifest create-next-app@15.2.4
19 silly packumentCache full:https://registry.npmjs.org/create-next-app cache-miss
20 http fetch GET 200 https://registry.npmjs.org/create-next-app 199ms (cache miss)
21 silly packumentCache full:https://registry.npmjs.org/create-next-app set size:undefined disposed:false
22 silly placeDep ROOT create-next-app@15.2.4 OK for:  want: 15.2.4
23 silly reify moves {}
24 silly audit bulk request { 'create-next-app': [ '15.2.4' ] }
25 http cache create-next-app@https://registry.npmjs.org/create-next-app/-/create-next-app-15.2.4.tgz 0ms (cache hit)
26 silly tarball no local data for create-next-app@https://registry.npmjs.org/create-next-app/-/create-next-app-15.2.4.tgz. Extracting by manifest.
27 http fetch POST 200 https://registry.npmjs.org/-/npm/v1/security/advisories/bulk 141ms
28 silly audit report {}
29 http fetch GET 200 https://registry.npmjs.org/create-next-app/-/create-next-app-15.2.4.tgz 180ms (cache miss)
30 verbose cwd /home/ubuntu/mtg-website
31 verbose os Linux 6.1.102
32 verbose node v22.13.0
33 verbose npm  v10.9.2
34 notice
34 notice New [31mmajor[39m version of npm available! [31m10.9.2[39m -> [34m11.2.0[39m
34 notice Changelog: [34mhttps://github.com/npm/cli/releases/tag/v11.2.0[39m
34 notice To update run: [4mnpm install -g npm@11.2.0[24m
34 notice  { force: true, [Symbol(proc-log.meta)]: true }
35 verbose exit 1
36 verbose code 1
