0 verbose cli /home/ubuntu/.nvm/versions/node/v22.13.0/bin/node /home/ubuntu/.nvm/versions/node/v22.13.0/lib/node_modules/npm/bin/npm-cli.js
1 info using npm@10.9.2
2 info using node@v22.13.0
3 silly config load:file:/home/ubuntu/.nvm/versions/node/v22.13.0/lib/node_modules/npm/npmrc
4 silly config load:file:/home/ubuntu/temp_nextjs/.npmrc
5 silly config load:file:/home/ubuntu/.npmrc
6 silly config load:file:/home/ubuntu/.nvm/versions/node/v22.13.0/etc/npmrc
7 verbose title npm exec create-next-app@latest . --typescript --eslint --tailwind --app --no-src-dir --import-alias @/*
8 verbose argv "exec" "--" "create-next-app@latest" "." "--typescript" "--eslint" "--tailwind" "--app" "--no-src-dir" "--import-alias" "@/*"
9 verbose logfile logs-max:10 dir:/home/ubuntu/.npm/_logs/2025-03-26T20_00_27_569Z-
10 verbose logfile /home/ubuntu/.npm/_logs/2025-03-26T20_00_27_569Z-debug-0.log
11 silly logfile done cleaning log files
12 silly packumentCache heap:2117074944 maxSize:529268736 maxEntrySize:264634368
13 http fetch GET 200 https://registry.npmjs.org/create-next-app 276ms (cache updated)
14 silly packumentCache heap:2117074944 maxSize:529268736 maxEntrySize:264634368
15 silly packumentCache heap:2117074944 maxSize:529268736 maxEntrySize:264634368
16 verbose cwd /home/ubuntu/temp_nextjs
17 verbose os Linux 6.1.102
18 verbose node v22.13.0
19 verbose npm  v10.9.2
20 verbose exit 0
21 info ok
